<?xml version="1.0" encoding="UTF-8"?>
<!-- Generated by org.testng.reporters.JUnitReportReporter -->
<testsuite hostname="CIPL1282QA" failures="0" tests="2" name="testcases.verifyLoginPage" time="26.571" errors="0" timestamp="2025-07-03T15:42:55 IST" skipped="0">
  <testcase classname="testcases.verifyLoginPage" name="T001_VerifyLoginPage" time="13.740"/>
  <testcase classname="testcases.verifyLoginPage" name="T001_VerifyLoginPage" time="12.831"/>
</testsuite> <!-- testcases.verifyLoginPage -->
