<?xml version="1.0" encoding="UTF-8"?>
<!-- Generated by org.testng.reporters.JUnitReportReporter -->
<testsuite hostname="CIPL1282QA" failures="0" tests="2" name="testcases.verifyLoginPageTest" time="26.186" errors="0" timestamp="2025-07-04T12:01:55 IST" skipped="0">
  <testcase classname="testcases.verifyLoginPageTest" name="T001_VerifyLoginPage" time="12.938"/>
  <testcase classname="testcases.verifyLoginPageTest" name="T001_VerifyLoginPage" time="13.248"/>
</testsuite> <!-- testcases.verifyLoginPageTest -->
